2026-06-23T21:43:19.760-04:00  INFO 11920 --- [cupones] [main] com.cupones.cupones.CuponesApplication   : Starting CuponesApplication using Java 21.0.10 with PID 11920 (C:\Users\dynabook\Desktop\BiblioMusic\cupones\target\classes started by dynabook in C:\Users\dynabook\Desktop\BiblioMusic\cupones)
2026-06-23T21:43:19.771-04:00  INFO 11920 --- [cupones] [main] com.cupones.cupones.CuponesApplication   : No active profile set, falling back to 1 default profile: "default"
2026-06-23T21:43:20.881-04:00  INFO 11920 --- [cupones] [main] .s.d.r.c.RepositoryConfigurationDelegate : Bootstrapping Spring Data JPA repositories in DEFAULT mode.
2026-06-23T21:43:20.964-04:00  INFO 11920 --- [cupones] [main] .s.d.r.c.RepositoryConfigurationDelegate : Finished Spring Data repository scanning in 65 ms. Found 1 JPA repository interface.
2026-06-23T21:43:21.778-04:00  INFO 11920 --- [cupones] [main] o.s.boot.tomcat.TomcatWebServer          : Tomcat initialized with port 8089 (http)
2026-06-23T21:43:21.809-04:00  INFO 11920 --- [cupones] [main] o.apache.catalina.core.StandardService   : Starting service [Tomcat]
2026-06-23T21:43:21.809-04:00  INFO 11920 --- [cupones] [main] o.apache.catalina.core.StandardEngine    : Starting Servlet engine: [Apache Tomcat/11.0.22]
2026-06-23T21:43:21.904-04:00  INFO 11920 --- [cupones] [main] b.w.c.s.WebApplicationContextInitializer : Root WebApplicationContext: initialization completed in 2067 ms
2026-06-23T21:43:22.233-04:00  INFO 11920 --- [cupones] [main] com.zaxxer.hikari.HikariDataSource       : HikariPool-1 - Starting...
2026-06-23T21:43:22.439-04:00  INFO 11920 --- [cupones] [main] com.zaxxer.hikari.pool.HikariPool        : HikariPool-1 - Added connection com.mysql.cj.jdbc.ConnectionImpl@6ce26986
2026-06-23T21:43:22.441-04:00  INFO 11920 --- [cupones] [main] com.zaxxer.hikari.HikariDataSource       : HikariPool-1 - Start completed.
2026-06-23T21:43:24.399-04:00  INFO 11920 --- [cupones] [main] liquibase.ui                             : INFO: The drop-all command may result in unrecoverable destructive changes to objects at 'jdbc:mysql://localhost:3306/cupones?createDatabaseIfNotExist=true&serverTimezone=UTC'.
To protect against unwanted drops, set --requireForce=true, which will require a --force=true flag on the command.
Learn more at https://docs.liquibase.com/dropall.

2026-06-23T21:43:24.589-04:00  INFO 11920 --- [cupones] [main] liquibase.lockservice                    : Successfully acquired change log lock
2026-06-23T21:43:24.596-04:00  INFO 11920 --- [cupones] [main] liquibase.command                        : Dropping Database Objects in schema: cupones.cupones
2026-06-23T21:43:24.601-04:00  INFO 11920 --- [cupones] [main] liquibase.snapshot                       : Creating snapshot
2026-06-23T21:43:25.132-04:00  INFO 11920 --- [cupones] [main] liquibase.database                       : Successfully deleted all supported object types in schema cupones.cupones.
2026-06-23T21:43:25.138-04:00  INFO 11920 --- [cupones] [main] liquibase.snapshot                       : Creating snapshot
2026-06-23T21:43:25.141-04:00  WARN 11920 --- [cupones] [main] liquibase.lockservice                    : Failed to release change log lock
2026-06-23T21:43:25.143-04:00  INFO 11920 --- [cupones] [main] liquibase.ui                             : All objects dropped from root@localhost@jdbc:mysql://localhost:3306/cupones?createDatabaseIfNotExist=true&serverTimezone=UTC
2026-06-23T21:43:25.144-04:00  INFO 11920 --- [cupones] [main] liquibase.command                        : Command execution complete
2026-06-23T21:43:25.202-04:00  INFO 11920 --- [cupones] [main] liquibase.changelog                      : Creating database changelog table with name: cupones.databasechangelog
2026-06-23T21:43:25.220-04:00  INFO 11920 --- [cupones] [main] liquibase.changelog                      : Reading from cupones.databasechangelog
2026-06-23T21:43:25.226-04:00  INFO 11920 --- [cupones] [main] liquibase.snapshot                       : Creating snapshot
2026-06-23T21:43:25.583-04:00  INFO 11920 --- [cupones] [main] liquibase.ui                             : Name 'PK_DATABASECHANGELOGLOCK' ignored for PRIMARY key.
2026-06-23T21:43:25.622-04:00  INFO 11920 --- [cupones] [main] liquibase.lockservice                    : Successfully acquired change log lock
2026-06-23T21:43:25.622-04:00  INFO 11920 --- [cupones] [main] liquibase.command                        : Using deploymentId: 2265402212
2026-06-23T21:43:25.624-04:00  INFO 11920 --- [cupones] [main] liquibase.changelog                      : Reading from cupones.databasechangelog
2026-06-23T21:43:25.637-04:00  INFO 11920 --- [cupones] [main] liquibase.ui                             : Running Changeset: db/changelog/db.cupones.sql::15::ella
2026-06-23T21:43:25.687-04:00  INFO 11920 --- [cupones] [main] liquibase.changelog                      : Custom SQL executed
2026-06-23T21:43:25.688-04:00  INFO 11920 --- [cupones] [main] liquibase.changelog                      : ChangeSet db/changelog/db.cupones.sql::15::ella ran successfully in 49ms
2026-06-23T21:43:25.696-04:00  INFO 11920 --- [cupones] [main] liquibase.ui                             : Running Changeset: db/changelog/db.cupones.sql::16::ella
2026-06-23T21:43:25.706-04:00  INFO 11920 --- [cupones] [main] liquibase.changelog                      : Custom SQL executed
2026-06-23T21:43:25.709-04:00  INFO 11920 --- [cupones] [main] liquibase.changelog                      : ChangeSet db/changelog/db.cupones.sql::16::ella ran successfully in 13ms
2026-06-23T21:43:25.720-04:00  INFO 11920 --- [cupones] [main] liquibase.util                           : UPDATE SUMMARY
2026-06-23T21:43:25.721-04:00  INFO 11920 --- [cupones] [main] liquibase.util                           : Run:                          2
2026-06-23T21:43:25.722-04:00  INFO 11920 --- [cupones] [main] liquibase.util                           : Previously run:               0
2026-06-23T21:43:25.722-04:00  INFO 11920 --- [cupones] [main] liquibase.util                           : Filtered out:                 0
2026-06-23T21:43:25.723-04:00  INFO 11920 --- [cupones] [main] liquibase.util                           : -------------------------------
2026-06-23T21:43:25.723-04:00  INFO 11920 --- [cupones] [main] liquibase.util                           : Total change sets:            2
2026-06-23T21:43:25.725-04:00  INFO 11920 --- [cupones] [main] liquibase.util                           : Update summary generated
2026-06-23T21:43:25.728-04:00  INFO 11920 --- [cupones] [main] liquibase.command                        : Update command completed successfully.
2026-06-23T21:43:25.729-04:00  INFO 11920 --- [cupones] [main] liquibase.ui                             : Liquibase: Update has been successful. Rows affected: 10
2026-06-23T21:43:25.741-04:00  INFO 11920 --- [cupones] [main] liquibase.lockservice                    : Successfully released change log lock
2026-06-23T21:43:25.742-04:00  INFO 11920 --- [cupones] [main] liquibase.command                        : Command execution complete
2026-06-23T21:43:25.835-04:00  INFO 11920 --- [cupones] [main] org.hibernate.orm.jpa                    : HHH008540: Processing PersistenceUnitInfo [name: default]
2026-06-23T21:43:25.896-04:00  INFO 11920 --- [cupones] [main] org.hibernate.orm.core                   : HHH000001: Hibernate ORM core version 7.2.19.Final
2026-06-23T21:43:26.387-04:00  INFO 11920 --- [cupones] [main] o.s.o.j.p.SpringPersistenceUnitInfo      : No LoadTimeWeaver setup: ignoring JPA class transformer
2026-06-23T21:43:26.448-04:00  WARN 11920 --- [cupones] [main] org.hibernate.orm.core                   : HHH000511: The 5.5.5 version for [org.hibernate.dialect.MySQLDialect] is no longer supported, hence certain features may not work properly.The minimum supported version is 8.0.0. Check the community dialects project for available legacy versions.
2026-06-23T21:43:26.461-04:00  INFO 11920 --- [cupones] [main] org.hibernate.orm.connections.pooling    : HHH10001005: Database info:
	Database JDBC URL [jdbc:mysql://localhost:3306/cupones?createDatabaseIfNotExist=true&serverTimezone=UTC]
	Database driver: MySQL Connector/J
	Database dialect: MySQLDialect
	Database version: 5.5.5
	Default catalog/schema: cupones/undefined
	Autocommit mode: undefined/unknown
	Isolation level: REPEATABLE_READ [default REPEATABLE_READ]
	JDBC fetch size: none
	Pool: DataSourceConnectionProvider
	Minimum pool size: undefined/unknown
	Maximum pool size: undefined/unknown
2026-06-23T21:43:27.136-04:00  INFO 11920 --- [cupones] [main] org.hibernate.orm.core                   : HHH000489: No JTA platform available (set 'hibernate.transaction.jta.platform' to enable JTA platform integration)
2026-06-23T21:43:27.141-04:00  INFO 11920 --- [cupones] [main] j.LocalContainerEntityManagerFactoryBean : Initialized JPA EntityManagerFactory for persistence unit 'default'
2026-06-23T21:43:27.228-04:00  INFO 11920 --- [cupones] [main] o.s.d.j.r.query.QueryEnhancerFactories   : Hibernate is in classpath; If applicable, HQL parser will be used.
2026-06-23T21:43:27.495-04:00  WARN 11920 --- [cupones] [main] JpaBaseConfiguration$JpaWebConfiguration : spring.jpa.open-in-view is enabled by default. Therefore, database queries may be performed during view rendering. Explicitly configure spring.jpa.open-in-view to disable this warning
2026-06-23T21:43:28.172-04:00  INFO 11920 --- [cupones] [main] o.s.boot.tomcat.TomcatWebServer          : Tomcat started on port 8089 (http) with context path '/'
2026-06-23T21:43:28.181-04:00  INFO 11920 --- [cupones] [main] com.cupones.cupones.CuponesApplication   : Started CuponesApplication in 9.022 seconds (process running for 9.486)
2026-06-23T21:43:28.186-04:00  WARN 11920 --- [cupones] [main] o.s.core.events.SpringDocAppInitializer  : SpringDoc /v3/api-docs endpoint is enabled by default. To disable it in production, set the property 'springdoc.api-docs.enabled=false'
2026-06-23T21:44:34.505-04:00  INFO 11920 --- [cupones] [http-nio-8089-exec-1] o.a.c.c.C.[Tomcat].[localhost].[/]       : Initializing Spring DispatcherServlet 'dispatcherServlet'
2026-06-23T21:44:34.505-04:00  INFO 11920 --- [cupones] [http-nio-8089-exec-1] o.s.web.servlet.DispatcherServlet        : Initializing Servlet 'dispatcherServlet'
2026-06-23T21:44:34.507-04:00  INFO 11920 --- [cupones] [http-nio-8089-exec-1] o.s.web.servlet.DispatcherServlet        : Completed initialization in 2 ms
2026-06-23T21:44:34.552-04:00  INFO 11920 --- [cupones] [http-nio-8089-exec-1] c.c.cupones.controller.CuponController   : Obteniendo todos los cupones
2026-06-23T21:44:34.553-04:00  INFO 11920 --- [cupones] [http-nio-8089-exec-1] c.cupones.cupones.service.CuponServices  : Obteniendo todas las cupones
2026-06-23T21:46:40.556-04:00  INFO 11920 --- [cupones] [http-nio-8089-exec-3] o.springdoc.api.AbstractOpenApiResource  : Init duration for springdoc-openapi is: 536 ms
2026-06-23T21:47:17.110-04:00  INFO 11920 --- [cupones] [http-nio-8089-exec-4] c.c.cupones.controller.CuponController   : Obteniendo cupon con id: 8
2026-06-23T21:47:17.111-04:00  INFO 11920 --- [cupones] [http-nio-8089-exec-4] c.cupones.cupones.service.CuponServices  : Obteniendo cupon con id: 8
2026-06-23T21:47:19.067-04:00  INFO 11920 --- [cupones] [http-nio-8089-exec-5] c.c.cupones.controller.CuponController   : Obteniendo cupon con id: 8
2026-06-23T21:47:19.067-04:00  INFO 11920 --- [cupones] [http-nio-8089-exec-5] c.cupones.cupones.service.CuponServices  : Obteniendo cupon con id: 8
2026-06-23T21:48:10.614-04:00  INFO 11920 --- [cupones] [http-nio-8089-exec-8] c.c.cupones.controller.CuponController   : Obteniendo todos los cupones
2026-06-23T21:48:10.615-04:00  INFO 11920 --- [cupones] [http-nio-8089-exec-8] c.cupones.cupones.service.CuponServices  : Obteniendo todas las cupones
